[2025-09-24 13:10:18] Starting Sugjester book export...
[2025-09-24 13:10:18] Querying OmniFocus for book data...
[2025-09-24 13:13:11] Starting Sugjester book export...
[2025-09-24 13:13:11] Querying OmniFocus for book data...
[2025-09-24 13:13:16] Converting to JSON format...
[2025-09-24 13:13:16] Processing project: Books to consider (english)
[2025-09-24 13:13:24] Processing project: Books owned to read (english)
[2025-09-24 13:13:28] Processing project: Japanese books to consider (japanese)
[2025-09-24 13:13:32] Generated English export with 177 books
[2025-09-24 13:13:32] Generated Japanese export with 53 books
[2025-09-24 13:13:32] Export summary: 177 English, 53 Japanese books
[2025-09-24 13:13:32] No changes to commit
[2025-09-24 13:13:32] Book export completed successfully
[2025-09-24 13:42:49] Starting Sugjester book export...
[2025-09-24 13:42:49] Querying OmniFocus for book data...
[2025-09-24 13:42:51] Converting to JSON format...
[2025-09-24 13:42:51] Processing project: Books to consider (english)
[2025-09-24 13:42:59] Processing project: Books owned to read (english)
[2025-09-24 13:43:03] Processing project: Japanese books to consider (japanese)
[2025-09-24 13:43:07] Generated English export with 177 books
[2025-09-24 13:43:07] Generated Japanese export with 53 books
[2025-09-24 13:43:07] Export summary: 177 English, 53 Japanese books
[2025-09-24 13:43:07] No changes to commit
[2025-09-24 13:43:07] Book export completed successfully
[2025-09-24 13:43:36] Starting Sugjester book export...
[2025-09-24 13:43:36] Querying OmniFocus for book data...
[2025-09-24 13:43:38] Converting to JSON format...
[2025-09-24 13:43:38] Processing project: Books to consider (english)
[2025-09-24 13:43:45] Processing project: Books owned to read (english)
[2025-09-24 13:43:49] Processing project: Japanese books to consider (japanese)
[2025-09-24 13:43:55] Generated English export with 177 books
[2025-09-24 13:43:55] Generated Japanese export with 53 books
[2025-09-24 13:43:55] Export summary: 177 English, 53 Japanese books
[2025-09-24 13:43:55] No changes to commit
[2025-09-24 13:43:55] Book export completed successfully
[2025-09-24 13:47:04] Starting Sugjester book export...
[2025-09-24 13:47:04] Querying OmniFocus for book data...
[2025-09-24 13:47:09] Converting to JSON format...
[2025-09-24 13:47:09] Processing project: Books to consider (english)
[2025-09-24 13:47:24] Processing project: Books owned to read (english)
[2025-09-24 13:47:34] Processing project: Japanese books to consider (japanese)
[2025-09-24 13:47:44] Generated English export with 177 books
[2025-09-24 13:47:44] Generated Japanese export with 53 books
[2025-09-24 13:47:44] Export summary: 177 English, 53 Japanese books
[2025-09-24 13:47:44] No changes to commit
[2025-09-24 13:47:44] Book export completed successfully
[2025-09-24 13:48:04] Starting Sugjester book export...
[2025-09-24 13:48:04] Querying OmniFocus for book data...
[2025-09-24 13:48:09] Converting to JSON format...
[2025-09-24 13:48:09] Processing project: Books to consider (english)
[2025-09-24 13:48:17] Processing project: Books owned to read (english)
[2025-09-24 13:48:22] Processing project: Japanese books to consider (japanese)
[2025-09-24 13:48:28] Generated English export with 177 books
[2025-09-24 13:48:28] Generated Japanese export with 53 books
[2025-09-24 13:48:28] Export summary: 177 English, 53 Japanese books
[2025-09-24 13:48:28] No changes to commit
[2025-09-24 13:48:28] Book export completed successfully
[2025-09-24 13:50:34] Starting Sugjester book export...
[2025-09-24 13:50:34] Querying OmniFocus for book data...
[2025-09-24 13:50:38] Converting to JSON format...
[2025-09-24 13:50:38] Processing project: Books to consider (english)
[2025-09-24 13:50:43] Processing project: Books owned to read (english)
[2025-09-24 13:50:47] Processing project: Japanese books to consider (japanese)
[2025-09-24 13:50:52] Generated English export with 177 books
[2025-09-24 13:50:52] Generated Japanese export with 53 books
[2025-09-24 13:50:52] Export summary: 177 English, 53 Japanese books
[2025-09-24 13:50:52] No changes to commit
[2025-09-24 13:50:52] Book export completed successfully
[2025-09-24 13:51:24] Starting Sugjester book export...
[2025-09-24 13:51:24] Querying OmniFocus for book data...
[2025-09-24 13:51:29] Converting to JSON format...
[2025-09-24 13:51:29] Processing project: Books to consider (english)
[2025-09-24 13:59:36] Starting Sugjester book export...
[2025-09-24 13:59:36] Querying OmniFocus for book data...
[2025-09-24 13:59:39] Converting to JSON format...
[2025-09-24 13:59:39] Processing project: Books to consider (english)
[2025-09-24 13:59:46] Processing project: Books owned to read (english)
[2025-09-24 13:59:51] Processing project: Japanese books to consider (japanese)
[2025-09-24 13:59:58] Generated English export with 177 books
[2025-09-24 13:59:58] Generated Japanese export with 53 books
[2025-09-24 13:59:58] Export summary: 177 English, 53 Japanese books
[2025-09-24 13:59:58] No changes to commit
[2025-09-24 13:59:58] Book export completed successfully
[2025-09-24 14:41:27] Starting Sugjester book export...
[2025-09-24 14:41:27] Querying OmniFocus for book data...
[2025-09-24 14:41:32] Converting to JSON format...
[2025-09-24 14:41:32] Processing project: Books to consider (english)
[2025-09-24 14:41:40] Processing project: Books owned to read (english)
[2025-09-24 14:41:44] Processing project: Japanese books to consider (japanese)
[2025-09-24 14:41:50] Generated unified export with 230 books (177 English, 53 Japanese)
[2025-09-24 14:41:50] Export summary: 230 total books (177 English, 53 Japanese)
[2025-09-24 14:41:50] No changes to commit
[2025-09-24 14:41:50] Book export completed successfully
[2025-09-24 15:24:49] HUGO: Starting Hugo books sync...
[2025-09-24 15:24:49] HUGO: Hugo repo not found or not a git repo, using local data
[2025-09-24 15:24:49] HUGO: Extracting book titles from Hugo shelf...
[2025-09-24 15:24:56] HUGO: Found        0 finished books in Hugo shelf
[2025-09-24 15:24:56] HUGO: Cross-referencing with consideration lists...
[2025-09-24 15:24:56] HUGO: Removed 230 already-read books from consideration lists
[2025-09-24 15:24:56] HUGO: Updated books-to-consider.json: 230 → 0 books
[2025-09-24 15:24:56] HUGO: Hugo books sync completed
[2025-09-24 15:25:31] Starting Sugjester book export...
[2025-09-24 15:25:31] Querying OmniFocus for book data...
[2025-09-24 15:25:36] Converting to JSON format...
[2025-09-24 15:25:37] Processing project: Books to consider (english)
[2025-09-24 15:25:42] Processing project: Books owned to read (english)
[2025-09-24 15:25:45] Processing project: Japanese books to consider (japanese)
[2025-09-24 15:25:48] Generated unified export with 230 books (177 English, 53 Japanese)
[2025-09-24 15:25:48] Export summary: 230 total books (177 English, 53 Japanese)
[2025-09-24 15:25:48] No changes to commit
[2025-09-24 15:25:48] Book export completed successfully
[2025-09-24 15:26:37] HUGO: Starting Hugo books sync...
[2025-09-24 15:26:37] HUGO: Hugo repo not found or not a git repo, using local data
[2025-09-24 15:26:37] HUGO: Extracting book titles from Hugo shelf...
[2025-09-24 15:26:46] HUGO: Found      736 finished books in Hugo shelf
[2025-09-24 15:26:46] HUGO: Cross-referencing with consideration lists...
[2025-09-24 15:26:46] HUGO: Removed 230 already-read books from consideration lists
[2025-09-24 15:26:46] HUGO: Updated books-to-consider.json: 230 → 0 books
[2025-09-24 15:26:46] HUGO: Hugo books sync completed
[2025-09-24 15:27:44] Starting Sugjester book export...
[2025-09-24 15:27:44] Querying OmniFocus for book data...
[2025-09-24 15:27:49] Converting to JSON format...
[2025-09-24 15:27:49] Processing project: Books to consider (english)
[2025-09-24 15:27:55] Processing project: Books owned to read (english)
[2025-09-24 15:27:58] Processing project: Japanese books to consider (japanese)
[2025-09-24 15:28:01] Generated unified export with 230 books (177 English, 53 Japanese)
[2025-09-24 15:28:01] Export summary: 230 total books (177 English, 53 Japanese)
[2025-09-24 15:28:02] No changes to commit
[2025-09-24 15:28:02] Book export completed successfully
[2025-09-24 15:30:57] HUGO: Starting Hugo books sync...
[2025-09-24 15:30:57] HUGO: Hugo repo not found or not a git repo, using local data
[2025-09-24 15:30:57] HUGO: Extracting finished books from Hugo shelf...
[2025-09-24 15:32:11] HUGO: Found  finished books in Hugo shelf
[2025-09-24 15:32:11] HUGO: Adding Hugo reading history to book data...
[2025-09-24 15:32:11] HUGO: Added  finished books from Hugo shelf
[2025-09-24 15:32:11] HUGO: Updated books-to-consider.json: total books now 230 (including  read)
[2025-09-24 15:32:11] HUGO: Hugo books sync completed
[2025-09-24 15:38:39] HUGO: Starting Hugo books sync...
[2025-09-24 15:38:39] HUGO: Hugo repo not found or not a git repo, using local data
[2025-09-24 15:38:39] HUGO: Extracting finished books from Hugo shelf...
[2025-09-24 15:40:00] HUGO: Found  finished books in Hugo shelf
[2025-09-24 15:40:00] HUGO: Adding Hugo reading history to book data...
[2025-09-24 15:40:00] HUGO: Added  finished books from Hugo shelf
[2025-09-24 15:40:00] HUGO: Updated books-to-consider.json: total books now 230 (including  read)
[2025-09-24 15:40:00] HUGO: Hugo books sync completed
[2025-09-24 15:41:31] HUGO: Starting Hugo books sync...
[2025-09-24 15:41:31] HUGO: Hugo repo not found or not a git repo, using local data
[2025-09-24 15:41:31] HUGO: Extracting finished books from Hugo shelf...
[2025-09-24 15:43:00] HUGO: Found  finished books in Hugo shelf
[2025-09-24 15:43:00] HUGO: Adding Hugo reading history to book data...
[2025-09-24 15:43:01] HUGO: Added  finished books from Hugo shelf
[2025-09-24 15:43:01] HUGO: Updated books-to-consider.json: total books now 230 (including  read)
[2025-09-24 15:43:01] HUGO: Hugo books sync completed
[2025-09-24 15:45:11] HUGO: Starting Hugo books sync...
[2025-09-24 15:45:11] HUGO: Hugo repo not found or not a git repo, using local data
[2025-09-24 15:45:11] HUGO: Extracting finished books from Hugo shelf...
[2025-09-24 15:46:54] HUGO: Found 736 finished books in Hugo shelf
[2025-09-24 15:46:54] HUGO: Adding Hugo reading history to book data...
[2025-09-24 15:46:54] HUGO: Added 736 finished books from Hugo shelf
[2025-09-24 15:46:54] HUGO: Updated books-to-consider.json: total books now 966 (including 736 read)
[2025-09-24 15:46:54] HUGO: Hugo books sync completed
